<?xml version="1.0" encoding="UTF-8"?>
<!-- Generated by org.testng.reporters.JUnitReportReporter -->
<testsuite skipped="0" hostname="Amar-PC" name="restAssured.FirstClass" tests="1" failures="0" timestamp="29 Jun 2019 09:40:40 GMT" time="0.031" errors="0">
  <testcase name="Firstmethod" time="0.031" classname="restAssured.FirstClass"/>
</testsuite> <!-- restAssured.FirstClass -->
