<?xml version="1.0" encoding="UTF-8"?>
<!-- Generated by org.testng.reporters.JUnitReportReporter -->
<testsuite hostname="Amar-PC" name="testNG_TestScripts.TestScriptsDefinition" tests="1" failures="0" timestamp="9 Jul 2019 16:59:57 GMT" time="36.489" errors="0">
  <testcase name="TC01_SingIn" time="36.489" classname="testNG_TestScripts.TestScriptsDefinition"/>
</testsuite> <!-- testNG_TestScripts.TestScriptsDefinition -->
