<?xml version="1.0" encoding="UTF-8"?>
<!-- Generated by org.testng.reporters.JUnitReportReporter -->
<testsuite hostname="Amar-PC" name="testPack.TestcaseDefinition" tests="1" failures="0" timestamp="9 Jun 2019 19:52:52 GMT" time="3.512" errors="0">
  <testcase name="getUrl" time="3.512" classname="testPack.TestcaseDefinition"/>
</testsuite> <!-- testPack.TestcaseDefinition -->
